0 verbose cli /opt/homebrew/Cellar/node/25.5.0/bin/node /opt/homebrew/lib/node_modules/npm/bin/npm-cli.js
1 info using npm@11.8.0
2 info using node@v25.5.0
3 silly config load:file:/opt/homebrew/lib/node_modules/npm/npmrc
4 silly config load:file:/Users/Ruma/.npmrc
5 silly config load:file:/opt/homebrew/etc/npmrc
6 verbose title npm exec create-next-app@latest . --ts --tailwind --eslint --app --src-dir --import-alias @/* --no-turbo
7 verbose argv "exec" "--" "create-next-app@latest" "." "--ts" "--tailwind" "--eslint" "--app" "--src-dir" "--import-alias" "@/*" "--no-turbo"
8 verbose logfile logs-max:10 dir:/Users/Ruma/Desktop/Twintafo AI/Code/twintafo-web/twintafo-web/.npm-cache/_logs/2026-02-15T00_17_35_836Z-
9 verbose logfile /Users/Ruma/Desktop/Twintafo AI/Code/twintafo-web/twintafo-web/.npm-cache/_logs/2026-02-15T00_17_35_836Z-debug-0.log
10 silly logfile done cleaning log files
11 silly packumentCache heap:4496293888 maxSize:1124073472 maxEntrySize:562036736
12 http fetch GET 200 https://registry.npmjs.org/npm 199ms
13 http fetch GET 200 https://registry.npmjs.org/create-next-app 214ms (cache miss)
14 silly packumentCache heap:4496293888 maxSize:1124073472 maxEntrySize:562036736
15 silly packumentCache heap:4496293888 maxSize:1124073472 maxEntrySize:562036736
16 warn exec The following package was not found and will be installed: create-next-app@16.1.6
17 silly idealTree buildDeps
18 silly fetch manifest create-next-app@16.1.6
19 silly packumentCache full:https://registry.npmjs.org/create-next-app cache-miss
20 http fetch GET 200 https://registry.npmjs.org/create-next-app 181ms (cache miss)
21 silly packumentCache full:https://registry.npmjs.org/create-next-app set size:undefined disposed:false
22 silly placeDep ROOT create-next-app@16.1.6 OK for:  want: 16.1.6
23 silly reify moves {}
24 silly audit bulk request { 'create-next-app': [ '16.1.6' ] }
25 http cache create-next-app@https://registry.npmjs.org/create-next-app/-/create-next-app-16.1.6.tgz 0ms (cache hit)
26 silly tarball no local data for create-next-app@https://registry.npmjs.org/create-next-app/-/create-next-app-16.1.6.tgz. Extracting by manifest.
27 http fetch POST 200 https://registry.npmjs.org/-/npm/v1/security/advisories/bulk 62ms
28 silly audit report {}
29 http fetch GET 200 https://registry.npmjs.org/create-next-app/-/create-next-app-16.1.6.tgz 94ms (cache miss)
30 verbose cwd /Users/Ruma/Desktop/Twintafo AI/Code/twintafo-web/twintafo-web
31 verbose os Darwin 25.1.0
32 verbose node v25.5.0
33 verbose npm  v11.8.0
34 notice
34 notice New minor version of npm available! 11.8.0 -> 11.10.0
34 notice Changelog: https://github.com/npm/cli/releases/tag/v11.10.0
34 notice To update run: npm install -g npm@11.10.0
34 notice  { force: true, Symbol(proc-log.meta): true }
35 verbose exit 1
36 verbose code 1
