0 verbose cli /opt/homebrew/Cellar/node/25.5.0/bin/node /opt/homebrew/lib/node_modules/npm/bin/npm-cli.js
1 info using npm@11.8.0
2 info using node@v25.5.0
3 silly config load:file:/opt/homebrew/lib/node_modules/npm/npmrc
4 silly config load:file:/Users/Ruma/.npmrc
5 silly config load:file:/opt/homebrew/etc/npmrc
6 verbose title npm exec create-next-app@latest . --ts --tailwind --eslint --app --src-dir --import-alias @/* --no-turbo --force
7 verbose argv "exec" "--" "create-next-app@latest" "." "--ts" "--tailwind" "--eslint" "--app" "--src-dir" "--import-alias" "@/*" "--no-turbo" "--force"
8 verbose logfile logs-max:10 dir:/Users/Ruma/Desktop/Twintafo AI/Code/twintafo-web/twintafo-web/.npm-cache/_logs/2026-02-15T00_17_44_648Z-
9 verbose logfile /Users/Ruma/Desktop/Twintafo AI/Code/twintafo-web/twintafo-web/.npm-cache/_logs/2026-02-15T00_17_44_648Z-debug-0.log
10 silly logfile done cleaning log files
11 silly packumentCache heap:4496293888 maxSize:1124073472 maxEntrySize:562036736
12 http fetch GET 200 https://registry.npmjs.org/create-next-app 144ms (cache revalidated)
13 silly packumentCache heap:4496293888 maxSize:1124073472 maxEntrySize:562036736
14 silly packumentCache heap:4496293888 maxSize:1124073472 maxEntrySize:562036736
15 verbose cwd /Users/Ruma/Desktop/Twintafo AI/Code/twintafo-web/twintafo-web
16 verbose os Darwin 25.1.0
17 verbose node v25.5.0
18 verbose npm  v11.8.0
19 verbose exit 1
20 verbose code 1
